\BOOKMARK [0][-]{Doc-Start}{\376\377\000V\000e\000r\000i\000f\000i\000c\000a\000t\000i\000o\000n\000\040\000L\000e\000t\000t\000e\000r\000\040\000f\000r\000o\000m\000\040\000t\000h\000e\000\040\000O\000r\000a\000l\000\040\000E\000x\000a\000m\000i\000n\000a\000t\000i\000o\000n\000\040\000C\000o\000m\000m\000i\000t\000t\000e\000e}{}% 1
\BOOKMARK [0][-]{chapter*.1}{\376\377\000A\000c\000k\000n\000o\000w\000l\000e\000d\000g\000e\000m\000e\000n\000t\000s}{}% 2
\BOOKMARK [0][-]{chapter*.2}{\376\377\144\130\211\201}{}% 3
\BOOKMARK [0][-]{chapter*.3}{\376\377\000A\000b\000s\000t\000r\000a\000c\000t}{}% 4
\BOOKMARK [0][-]{section*.4}{\376\377\000C\000o\000n\000t\000e\000n\000t\000s}{}% 5
\BOOKMARK [0][-]{section*.5}{\376\377\000L\000i\000s\000t\000\040\000o\000f\000\040\000F\000i\000g\000u\000r\000e\000s}{}% 6
\BOOKMARK [0][-]{section*.6}{\376\377\000L\000i\000s\000t\000\040\000o\000f\000\040\000T\000a\000b\000l\000e\000s}{}% 7
\BOOKMARK [0][-]{chapter*.7}{\376\377\0001\000.\000\040\000I\000n\000t\000r\000o\000d\000u\000c\000t\000i\000o\000n}{}% 8
\BOOKMARK [1][-]{section.1.1}{\376\377\000E\000f\000f\000e\000c\000t\000s\000\040\000o\000f\000\040\000m\000u\000l\000t\000i\000p\000l\000e\000\040\000p\000r\000o\000c\000e\000s\000s\000e\000s\000\040\000o\000n\000\040\000m\000e\000t\000a\000c\000o\000m\000m\000u\000n\000i\000t\000y\000\040\000s\000t\000r\000u\000c\000t\000u\000r\000e}{chapter*.7}% 9
\BOOKMARK [1][-]{section.1.2}{\376\377\000A\000n\000a\000l\000y\000t\000i\000c\000a\000l\000\040\000m\000e\000t\000h\000o\000d\000s\000\040\000t\000o\000\040\000i\000n\000f\000e\000r\000\040\000t\000h\000e\000\040\000u\000n\000d\000e\000r\000l\000y\000i\000n\000g\000\040\000e\000c\000o\000l\000o\000g\000i\000c\000a\000l\000\040\000p\000r\000o\000c\000e\000s\000s\000e\000s}{chapter*.7}% 10
\BOOKMARK [0][-]{chapter*.9}{\376\377\0002\000.\000\040\000M\000a\000t\000e\000r\000i\000a\000l\000s\000\040\000a\000n\000d\000\040\000M\000e\000t\000h\000o\000d\000s}{}% 11
\BOOKMARK [1][-]{section.2.1}{\376\377\000T\000h\000o\000m\000p\000s\000o\000n\000\040\000e\000t\000\040\000a\000l\000.\000'\000s\000\040\000p\000r\000o\000c\000e\000s\000s\000\040\000p\000r\000o\000c\000e\000s\000s\000-\000b\000a\000s\000e\000d\000\040\000m\000e\000t\000a\000c\000o\000m\000m\000u\000n\000i\000t\000y\000\040\000s\000i\000m\000u\000l\000a\000t\000i\000o\000n\000\040\000m\000o\000d\000e\000l}{chapter*.9}% 12
\BOOKMARK [2][-]{subsection.2.1.1}{\376\377\000C\000o\000n\000f\000i\000g\000u\000r\000a\000t\000i\000o\000n\000\040\000o\000f\000\040\000t\000h\000e\000\040\000m\000e\000t\000a\000c\000o\000m\000m\000u\000n\000i\000t\000y\000\040\000s\000i\000m\000u\000l\000a\000t\000i\000o\000n\000\040\000m\000o\000d\000e\000l}{section.2.1}% 13
\BOOKMARK [2][-]{subsection.2.1.2}{\376\377\000P\000a\000r\000a\000m\000e\000t\000r\000i\000c\000\040\000s\000p\000a\000c\000e\000\040\000i\000n\000\040\000t\000h\000e\000\040\000m\000e\000t\000a\000c\000o\000m\000m\000u\000n\000i\000t\000y\000\040\000s\000i\000m\000u\000l\000a\000t\000i\000o\000n\000\040\000m\000o\000d\000e\000l}{section.2.1}% 14
\BOOKMARK [2][-]{subsection.2.1.3}{\376\377\000M\000o\000d\000e\000l\000i\000n\000g\000\040\000e\000c\000o\000l\000o\000g\000i\000c\000a\000l\000\040\000p\000r\000o\000c\000e\000s\000s\000e\000s\000\040\000i\000n\000\040\000t\000h\000e\000\040\000m\000e\000t\000a\000c\000o\000m\000m\000u\000n\000i\000t\000y\000\040\000s\000i\000m\000u\000l\000a\000t\000i\000o\000n\000\040\000m\000o\000d\000e\000l}{section.2.1}% 15
\BOOKMARK [2][-]{subsection.2.1.4}{\376\377\000S\000i\000m\000u\000l\000a\000t\000i\000o\000n\000\040\000o\000f\000\040\000m\000e\000t\000a\000c\000o\000m\000m\000u\000n\000i\000t\000y\000\040\000d\000a\000t\000a\000\040\000w\000i\000t\000h\000\040\000s\000t\000o\000c\000h\000a\000s\000t\000i\000c\000i\000t\000y}{section.2.1}% 16
\BOOKMARK [1][-]{section.2.2}{\376\377\000B\000e\000t\000a\000-\000d\000i\000v\000e\000r\000s\000i\000t\000y\000\040\000v\000a\000r\000i\000a\000t\000i\000o\000n\000\040\000p\000a\000r\000t\000i\000t\000i\000o\000n\000i\000n\000g}{chapter*.9}% 17
\BOOKMARK [1][-]{section.2.3}{\376\377\000S\000t\000e\000g\000e\000n\000'\000s\000\040\000f\000r\000a\000m\000e\000w\000o\000r\000k}{chapter*.9}% 18
\BOOKMARK [1][-]{section.2.4}{\376\377\000D\000i\000s\000p\000e\000r\000s\000a\000l\000-\000n\000i\000c\000h\000e\000\040\000c\000o\000n\000t\000i\000n\000u\000u\000m\000\040\000i\000n\000d\000e\000x\000\040\000\050\000D\000N\000C\000I\000\051}{chapter*.9}% 19
\BOOKMARK [1][-]{section.2.5}{\376\377\000R\000a\000n\000d\000o\000m\000\040\000f\000o\000r\000e\000s\000t\000\040\000a\000p\000p\000r\000o\000a\000c\000h\000\040\000l\000i\000n\000k\000i\000n\000g\000\040\000s\000u\000m\000m\000a\000r\000y\000\040\000s\000t\000a\000t\000i\000s\000t\000i\000c\000s\000\040\000w\000i\000t\000h\000\040\000p\000a\000r\000a\000m\000e\000t\000r\000i\000c\000\040\000s\000p\000a\000c\000e}{chapter*.9}% 20
\BOOKMARK [1][-]{section.2.6}{\376\377\000S\000e\000n\000s\000i\000t\000i\000v\000i\000t\000y\000\040\000a\000n\000a\000l\000y\000s\000i\000s\000\040\000t\000o\000\040\000s\000a\000m\000p\000l\000i\000n\000g\000\040\000e\000f\000f\000o\000r\000t\000\040\000a\000n\000d\000\040\000c\000h\000o\000i\000c\000e\000\040\000o\000f\000\040\000t\000i\000m\000e\000\040\000s\000t\000e\000p\000s}{chapter*.9}% 21
\BOOKMARK [1][-]{section.2.7}{\376\377\000A\000p\000p\000l\000i\000c\000a\000t\000i\000o\000n\000\040\000o\000n\000\040\000F\000u\000s\000h\000a\000n\000\040\000F\000o\000r\000e\000s\000t\000\040\000D\000y\000n\000a\000m\000i\000c\000s\000\040\000P\000l\000o\000t}{chapter*.9}% 22
\BOOKMARK [0][-]{chapter*.14}{\376\377\0003\000.\000\040\000R\000e\000s\000u\000l\000t\000s}{}% 23
\BOOKMARK [1][-]{section.3.1}{\376\377\000S\000u\000m\000m\000a\000r\000y\000\040\000o\000f\000\040\000t\000h\000e\000\040\000s\000i\000m\000u\000l\000a\000t\000e\000d\000\040\000d\000a\000t\000a}{chapter*.14}% 24
\BOOKMARK [1][-]{section.3.2}{\376\377\000S\000u\000m\000m\000a\000r\000y\000\040\000s\000t\000a\000t\000i\000s\000t\000i\000c\000s\000\040\000o\000f\000\040\000t\000h\000e\000\040\000s\000i\000m\000u\000l\000a\000t\000e\000d\000\040\000m\000e\000t\000a\000c\000o\000m\000m\000u\000n\000i\000t\000y}{chapter*.14}% 25
\BOOKMARK [1][-]{section.3.3}{\376\377\000P\000e\000r\000f\000o\000r\000m\000a\000n\000c\000e\000\040\000i\000n\000\040\000p\000r\000e\000d\000i\000c\000t\000i\000o\000n\000\040\000m\000o\000d\000e\000l\000\040\000p\000a\000r\000a\000m\000e\000t\000e\000r\000s}{chapter*.14}% 26
\BOOKMARK [1][-]{section.3.4}{\376\377\000R\000o\000b\000u\000s\000t\000n\000e\000s\000s\000\040\000t\000o\000\040\000t\000h\000e\000\040\000s\000a\000m\000p\000l\000i\000n\000g\000\040\000e\000f\000f\000o\000r\000t\000\040\000a\000n\000d\000\040\000c\000h\000o\000i\000c\000e\000\040\000o\000f\000\040\000t\000i\000m\000e\000\040\000s\000t\000e\000p\000s}{chapter*.14}% 27
\BOOKMARK [1][-]{section.3.5}{\376\377\000A\000p\000p\000l\000i\000c\000a\000t\000i\000o\000n\000\040\000t\000o\000\040\000F\000u\000s\000h\000a\000n\000\040\000F\000o\000r\000e\000s\000t\000\040\000D\000y\000n\000a\000m\000i\000c\000s\000\040\000P\000l\000o\000t}{chapter*.14}% 28
\BOOKMARK [0][-]{chapter*.19}{\376\377\0004\000.\000\040\000D\000i\000s\000c\000u\000s\000s\000i\000o\000n\000s}{}% 29
\BOOKMARK [0][-]{chapter*.20}{\376\377\0005\000.\000\040\000F\000u\000t\000u\000r\000e\000\040\000D\000i\000r\000e\000c\000t\000i\000o\000n\000s}{}% 30
\BOOKMARK [0][-]{chapter*.21}{\376\377\000C\000o\000n\000c\000l\000u\000s\000i\000o\000n\000s}{}% 31
\BOOKMARK [0][-]{section*.22}{\376\377\000R\000e\000f\000e\000r\000e\000n\000c\000e\000s}{}% 32
\BOOKMARK [0][-]{section*.25}{\376\377\000A\000p\000p\000e\000n\000d\000i\000x\000\040\000A\000\040\040\024\000\040\000S\000u\000p\000p\000l\000e\000m\000e\000n\000t\000a\000r\000y\000\040\000r\000e\000s\000u\000l\000t\000s}{}% 33
